<?xml version="1.0" encoding="UTF-8"?>
<!-- Generated by org.testng.reporters.JUnitReportReporter -->
<testsuite hostname="win2019" failures="0" tests="1" name="mtv22.CaseStudy3" time="54.480" errors="0" timestamp="2024-08-26T08:27:04 PDT" skipped="0">
  <testcase classname="mtv22.CaseStudy3" name="showRes" time="54.480"/>
  <system-out/>
</testsuite> <!-- mtv22.CaseStudy3 -->
