<?xml version="1.0" encoding="UTF-8"?>
<!-- Generated by org.testng.reporters.JUnitReportReporter -->
<testsuite hostname="win2019" failures="0" tests="1" name="mtv22.CaseStudy4" time="5.893" errors="0" timestamp="2024-08-26T08:37:39 PDT" skipped="0">
  <testcase classname="mtv22.CaseStudy4" name="screenshot" time="5.893"/>
  <system-out/>
</testsuite> <!-- mtv22.CaseStudy4 -->
