<?xml version="1.0" encoding="UTF-8"?>
<!-- Generated by org.testng.reporters.JUnitReportReporter -->
<testsuite hostname="win2019" failures="0" tests="1" name="mtv22.CaseStudy1" time="5.946" errors="0" timestamp="2024-08-26T08:01:02 PDT" skipped="0">
  <testcase classname="mtv22.CaseStudy1" name="showRes" time="5.946"/>
  <system-out/>
</testsuite> <!-- mtv22.CaseStudy1 -->
